[2024-04-06 11:33:51,563: INFO: common: yaml file: config\config.yaml loaded successfully]
[2024-04-06 11:33:51,564: INFO: common: yaml file: params.yaml loaded successfully]
[2024-04-06 11:33:51,565: INFO: common: created directory at: artifacts]
[2024-04-06 11:33:51,566: INFO: common: created directory at: artifacts/data_ingestion]
[2024-04-06 11:33:51,566: INFO: 3172177572: Downloading data from https://drive.google.com/file/d/1vlhZ5c7abUKF8xXERIw6m9Te8fW7ohw3/view?usp=sharing into file artifacts/data_ingestion/data.zip]
[2024-04-06 11:34:07,161: INFO: 3172177572: Downloaded data from https://drive.google.com/file/d/1vlhZ5c7abUKF8xXERIw6m9Te8fW7ohw3/view?usp=sharing into file artifacts/data_ingestion/data.zip]
[2024-04-06 22:19:20,014: INFO: common: yaml file: config\config.yaml loaded successfully]
[2024-04-06 22:19:20,014: INFO: common: yaml file: params.yaml loaded successfully]
[2024-04-06 22:19:20,014: INFO: common: created directory at: artifacts]
[2024-04-06 22:19:20,014: INFO: common: created directory at: artifacts/prepare_base_model]
[2024-04-06 22:19:36,197: WARNING: saving_api: You are saving your model as an HDF5 file via `model.save()` or `keras.saving.save_model(model)`. This file format is considered legacy. We recommend using instead the native Keras format, e.g. `model.save('my_model.keras')` or `keras.saving.save_model(model, 'my_model.keras')`. ]
[2024-04-06 22:19:36,297: WARNING: saving_api: You are saving your model as an HDF5 file via `model.save()` or `keras.saving.save_model(model)`. This file format is considered legacy. We recommend using instead the native Keras format, e.g. `model.save('my_model.keras')` or `keras.saving.save_model(model, 'my_model.keras')`. ]
[2024-04-06 23:03:40,504: INFO: common: yaml file: config\config.yaml loaded successfully]
[2024-04-06 23:03:40,508: INFO: common: yaml file: params.yaml loaded successfully]
[2024-04-06 23:03:40,510: INFO: common: created directory at: artifacts]
[2024-04-06 23:03:40,511: INFO: common: created directory at: artifacts\training]
[2024-04-06 23:12:21,181: INFO: common: yaml file: config\config.yaml loaded successfully]
[2024-04-06 23:12:21,184: INFO: common: yaml file: params.yaml loaded successfully]
[2024-04-06 23:12:21,186: INFO: common: created directory at: artifacts]
[2024-04-06 23:12:21,187: INFO: common: created directory at: artifacts\training]
[2024-04-06 23:22:12,217: INFO: common: yaml file: config\config.yaml loaded successfully]
[2024-04-06 23:22:12,217: INFO: common: yaml file: params.yaml loaded successfully]
[2024-04-06 23:22:12,217: INFO: common: created directory at: artifacts]
[2024-04-06 23:22:12,217: INFO: common: created directory at: artifacts\training]
[2024-04-06 23:23:11,033: INFO: common: yaml file: config\config.yaml loaded successfully]
[2024-04-06 23:23:11,035: INFO: common: yaml file: params.yaml loaded successfully]
[2024-04-06 23:23:11,036: INFO: common: created directory at: artifacts]
[2024-04-06 23:23:11,037: INFO: common: created directory at: artifacts\training]
[2024-04-08 10:55:28,225: INFO: common: yaml file: config\config.yaml loaded successfully]
[2024-04-08 10:55:28,231: INFO: common: yaml file: params.yaml loaded successfully]
[2024-04-08 10:55:28,238: INFO: common: created directory at: artifacts]
[2024-04-08 10:55:28,239: INFO: common: created directory at: artifacts\training]
[2024-04-08 11:22:00,773: INFO: common: yaml file: config\config.yaml loaded successfully]
[2024-04-08 11:22:00,776: INFO: common: yaml file: params.yaml loaded successfully]
[2024-04-08 11:22:00,776: INFO: common: created directory at: artifacts]
[2024-04-08 11:22:00,778: INFO: common: created directory at: artifacts\training]
[2024-04-09 12:55:42,460: INFO: common: yaml file: config\config.yaml loaded successfully]
[2024-04-09 12:55:42,463: INFO: common: yaml file: params.yaml loaded successfully]
[2024-04-09 12:55:42,465: INFO: common: created directory at: artifacts]
[2024-04-09 13:01:47,820: INFO: common: yaml file: config\config.yaml loaded successfully]
[2024-04-09 13:01:47,824: INFO: common: yaml file: params.yaml loaded successfully]
[2024-04-09 13:01:47,826: INFO: common: created directory at: artifacts]
[2024-04-09 13:03:48,418: INFO: common: yaml file: config\config.yaml loaded successfully]
[2024-04-09 13:03:48,422: INFO: common: yaml file: params.yaml loaded successfully]
[2024-04-09 13:03:48,423: INFO: common: created directory at: artifacts]
[2024-04-12 10:25:44,679: INFO: common: yaml file: config\config.yaml loaded successfully]
[2024-04-12 10:25:44,688: INFO: common: yaml file: params.yaml loaded successfully]
[2024-04-12 10:25:44,690: INFO: common: created directory at: artifacts]
[2024-04-12 10:33:52,184: INFO: common: yaml file: config\config.yaml loaded successfully]
[2024-04-12 10:33:52,187: INFO: common: yaml file: params.yaml loaded successfully]
[2024-04-12 10:33:52,189: INFO: common: created directory at: artifacts]
[2024-04-12 10:33:52,191: INFO: common: created directory at: artifacts\training]
[2024-04-12 10:44:06,103: INFO: common: yaml file: config\config.yaml loaded successfully]
[2024-04-12 10:44:06,103: INFO: common: yaml file: params.yaml loaded successfully]
[2024-04-12 10:44:06,103: INFO: common: created directory at: artifacts]
[2024-04-12 10:44:06,103: INFO: common: created directory at: artifacts\training]
[2024-04-12 11:08:55,500: INFO: common: yaml file: config\config.yaml loaded successfully]
[2024-04-12 11:08:55,505: INFO: common: yaml file: params.yaml loaded successfully]
[2024-04-12 11:08:55,506: INFO: common: created directory at: artifacts]
[2024-04-12 11:08:55,506: INFO: common: created directory at: artifacts\training]
